<?xml version="1.0" encoding="UTF-8"?>
<testng-results ignored="0" total="4" passed="4" failed="0" skipped="0">
  <reporter-output>
  </reporter-output>
  <suite started-at="2024-01-01T12:12:48 IST" name="Default suite" finished-at="2024-01-01T12:15:02 IST" duration-ms="134375">
    <groups>
    </groups>
    <test started-at="2024-01-01T12:12:48 IST" name="Default test" finished-at="2024-01-01T12:15:02 IST" duration-ms="134375">
      <class name="TestCase.AddToCartTest_2">
        <test-method is-config="true" signature="lanchingBrowser()[pri:0, instance:TestCase.AddToCartTest_2@3cebbb30]" started-at="2024-01-01T12:12:48 IST" name="lanchingBrowser" finished-at="2024-01-01T12:12:54 IST" duration-ms="5859" status="PASS">
          <reporter-output>
          </reporter-output>
        </test-method> <!-- lanchingBrowser -->
        <test-method is-config="true" signature="loginToApplication()[pri:0, instance:TestCase.AddToCartTest_2@3cebbb30]" started-at="2024-01-01T12:12:56 IST" name="loginToApplication" finished-at="2024-01-01T12:13:16 IST" duration-ms="20698" status="PASS">
          <reporter-output>
          </reporter-output>
        </test-method> <!-- loginToApplication -->
        <test-method signature="Tc_AddAddress_001_Test(java.lang.String,java.lang.String,java.lang.String,java.lang.String,java.lang.String,java.lang.String,java.lang.String,java.lang.String,java.lang.String)[pri:0, instance:TestCase.AddToCartTest_2@3cebbb30]" started-at="2024-01-01T12:13:16 IST" name="Tc_AddAddress_001_Test" data-provider="dataProviderAddress" finished-at="2024-01-01T12:13:28 IST" duration-ms="11822" status="PASS">
          <params>
            <param index="0">
              <value>
                <![CDATA[HariHara]]>
              </value>
            </param>
            <param index="1">
              <value>
                <![CDATA[ambani Building]]>
              </value>
            </param>
            <param index="2">
              <value>
                <![CDATA[ambani street]]>
              </value>
            </param>
            <param index="3">
              <value>
                <![CDATA[ambani point]]>
              </value>
            </param>
            <param index="4">
              <value>
                <![CDATA[India]]>
              </value>
            </param>
            <param index="5">
              <value>
                <![CDATA[Karnataka]]>
              </value>
            </param>
            <param index="6">
              <value>
                <![CDATA[Bengaluru]]>
              </value>
            </param>
            <param index="7">
              <value>
                <![CDATA[560010]]>
              </value>
            </param>
            <param index="8">
              <value>
                <![CDATA[9876543210]]>
              </value>
            </param>
          </params>
          <reporter-output>
          </reporter-output>
        </test-method> <!-- Tc_AddAddress_001_Test -->
        <test-method is-config="true" signature="logoutFromApplication()[pri:0, instance:TestCase.AddToCartTest_2@3cebbb30]" started-at="2024-01-01T12:13:28 IST" name="logoutFromApplication" finished-at="2024-01-01T12:13:38 IST" duration-ms="9466" status="PASS">
          <reporter-output>
          </reporter-output>
        </test-method> <!-- logoutFromApplication -->
        <test-method is-config="true" signature="loginToApplication()[pri:0, instance:TestCase.AddToCartTest_2@3cebbb30]" started-at="2024-01-01T12:13:38 IST" name="loginToApplication" finished-at="2024-01-01T12:13:40 IST" duration-ms="2585" status="PASS">
          <reporter-output>
          </reporter-output>
        </test-method> <!-- loginToApplication -->
        <test-method signature="Tc_AddAddress_001_Test(java.lang.String,java.lang.String,java.lang.String,java.lang.String,java.lang.String,java.lang.String,java.lang.String,java.lang.String,java.lang.String)[pri:0, instance:TestCase.AddToCartTest_2@3cebbb30]" started-at="2024-01-01T12:13:40 IST" name="Tc_AddAddress_001_Test" data-provider="dataProviderAddress" finished-at="2024-01-01T12:13:52 IST" duration-ms="11610" status="PASS">
          <params>
            <param index="0">
              <value>
                <![CDATA[HariHaraNilay]]>
              </value>
            </param>
            <param index="1">
              <value>
                <![CDATA[ambani Building]]>
              </value>
            </param>
            <param index="2">
              <value>
                <![CDATA[ambani street]]>
              </value>
            </param>
            <param index="3">
              <value>
                <![CDATA[ambani point]]>
              </value>
            </param>
            <param index="4">
              <value>
                <![CDATA[India]]>
              </value>
            </param>
            <param index="5">
              <value>
                <![CDATA[Karnataka]]>
              </value>
            </param>
            <param index="6">
              <value>
                <![CDATA[Bengaluru]]>
              </value>
            </param>
            <param index="7">
              <value>
                <![CDATA[560010]]>
              </value>
            </param>
            <param index="8">
              <value>
                <![CDATA[9876586543]]>
              </value>
            </param>
          </params>
          <reporter-output>
          </reporter-output>
        </test-method> <!-- Tc_AddAddress_001_Test -->
        <test-method is-config="true" signature="logoutFromApplication()[pri:0, instance:TestCase.AddToCartTest_2@3cebbb30]" started-at="2024-01-01T12:13:52 IST" name="logoutFromApplication" finished-at="2024-01-01T12:14:02 IST" duration-ms="9583" status="PASS">
          <reporter-output>
          </reporter-output>
        </test-method> <!-- logoutFromApplication -->
        <test-method is-config="true" signature="loginToApplication()[pri:0, instance:TestCase.AddToCartTest_2@3cebbb30]" started-at="2024-01-01T12:14:02 IST" name="loginToApplication" finished-at="2024-01-01T12:14:04 IST" duration-ms="2060" status="PASS">
          <reporter-output>
          </reporter-output>
        </test-method> <!-- loginToApplication -->
        <test-method signature="Tc_EndToEndCashOnDelivery_Test()[pri:1, instance:TestCase.AddToCartTest_2@3cebbb30]" started-at="2024-01-01T12:14:04 IST" name="Tc_EndToEndCashOnDelivery_Test" finished-at="2024-01-01T12:14:15 IST" depends-on-methods="TestCase.AddToCartTest_2.Tc_AddAddress_001_Test" duration-ms="11286" status="PASS">
          <reporter-output>
          </reporter-output>
        </test-method> <!-- Tc_EndToEndCashOnDelivery_Test -->
        <test-method is-config="true" signature="logoutFromApplication()[pri:0, instance:TestCase.AddToCartTest_2@3cebbb30]" started-at="2024-01-01T12:14:15 IST" name="logoutFromApplication" finished-at="2024-01-01T12:14:24 IST" duration-ms="9586" status="PASS">
          <reporter-output>
          </reporter-output>
        </test-method> <!-- logoutFromApplication -->
        <test-method is-config="true" signature="loginToApplication()[pri:0, instance:TestCase.AddToCartTest_2@3cebbb30]" started-at="2024-01-01T12:14:24 IST" name="loginToApplication" finished-at="2024-01-01T12:14:26 IST" duration-ms="1801" status="PASS">
          <reporter-output>
          </reporter-output>
        </test-method> <!-- loginToApplication -->
        <test-method signature="EndToEnd_NetBanikng()[pri:2, instance:TestCase.AddToCartTest_2@3cebbb30]" started-at="2024-01-01T12:14:26 IST" name="EndToEnd_NetBanikng" finished-at="2024-01-01T12:14:46 IST" depends-on-methods="TestCase.AddToCartTest_2.Tc_AddAddress_001_Test" duration-ms="19918" status="PASS">
          <reporter-output>
          </reporter-output>
        </test-method> <!-- EndToEnd_NetBanikng -->
        <test-method is-config="true" signature="logoutFromApplication()[pri:0, instance:TestCase.AddToCartTest_2@3cebbb30]" started-at="2024-01-01T12:14:46 IST" name="logoutFromApplication" finished-at="2024-01-01T12:15:02 IST" duration-ms="16077" status="FAIL">
          <exception class="org.openqa.selenium.NoSuchElementException">
            <message>
              <![CDATA[no such element: Unable to locate element: {"method":"xpath","selector":"//button[@aria-label='Account settings']"}
  (Session info: chrome=120.0.6099.130)
For documentation on this error, please visit: https://www.selenium.dev/documentation/webdriver/troubleshooting/errors#no-such-element-exception
Build info: version: '4.15.0', revision: '1d14b5521b'
System info: os.name: 'Windows 11', os.arch: 'amd64', os.version: '10.0', java.version: '17.0.8.1'
Driver info: org.openqa.selenium.chrome.ChromeDriver
Command: [f4ed20665680d8ed9a3f25eac49cb114, findElement {using=xpath, value=//button[@aria-label='Account settings']}]
Capabilities {acceptInsecureCerts: false, browserName: chrome, browserVersion: 120.0.6099.130, chrome: {chromedriverVersion: 120.0.6099.109 (3419140ab66..., userDataDir: C:\Users\suraj\AppData\Loca...}, fedcm:accounts: true, goog:chromeOptions: {debuggerAddress: localhost:54511}, networkConnectionEnabled: false, pageLoadStrategy: normal, platformName: windows, proxy: Proxy(), se:cdp: ws://localhost:54511/devtoo..., se:cdpVersion: 120.0.6099.130, setWindowRect: true, strictFileInteractability: false, timeouts: {implicit: 0, pageLoad: 300000, script: 30000}, unhandledPromptBehavior: dismiss and notify, webauthn:extension:credBlob: true, webauthn:extension:largeBlob: true, webauthn:extension:minPinLength: true, webauthn:extension:prf: true, webauthn:virtualAuthenticators: true}
Session ID: f4ed20665680d8ed9a3f25eac49cb114]]>
            </message>
            <full-stacktrace>
              <![CDATA[org.openqa.selenium.NoSuchElementException: no such element: Unable to locate element: {"method":"xpath","selector":"//button[@aria-label='Account settings']"}
  (Session info: chrome=120.0.6099.130)
For documentation on this error, please visit: https://www.selenium.dev/documentation/webdriver/troubleshooting/errors#no-such-element-exception
Build info: version: '4.15.0', revision: '1d14b5521b'
System info: os.name: 'Windows 11', os.arch: 'amd64', os.version: '10.0', java.version: '17.0.8.1'
Driver info: org.openqa.selenium.chrome.ChromeDriver
Command: [f4ed20665680d8ed9a3f25eac49cb114, findElement {using=xpath, value=//button[@aria-label='Account settings']}]
Capabilities {acceptInsecureCerts: false, browserName: chrome, browserVersion: 120.0.6099.130, chrome: {chromedriverVersion: 120.0.6099.109 (3419140ab66..., userDataDir: C:\Users\suraj\AppData\Loca...}, fedcm:accounts: true, goog:chromeOptions: {debuggerAddress: localhost:54511}, networkConnectionEnabled: false, pageLoadStrategy: normal, platformName: windows, proxy: Proxy(), se:cdp: ws://localhost:54511/devtoo..., se:cdpVersion: 120.0.6099.130, setWindowRect: true, strictFileInteractability: false, timeouts: {implicit: 0, pageLoad: 300000, script: 30000}, unhandledPromptBehavior: dismiss and notify, webauthn:extension:credBlob: true, webauthn:extension:largeBlob: true, webauthn:extension:minPinLength: true, webauthn:extension:prf: true, webauthn:virtualAuthenticators: true}
Session ID: f4ed20665680d8ed9a3f25eac49cb114
at java.base/jdk.internal.reflect.NativeConstructorAccessorImpl.newInstance0(Native Method)
at java.base/jdk.internal.reflect.NativeConstructorAccessorImpl.newInstance(NativeConstructorAccessorImpl.java:77)
at java.base/jdk.internal.reflect.DelegatingConstructorAccessorImpl.newInstance(DelegatingConstructorAccessorImpl.java:45)
at java.base/java.lang.reflect.Constructor.newInstanceWithCaller(Constructor.java:499)
at java.base/java.lang.reflect.Constructor.newInstance(Constructor.java:480)
at org.openqa.selenium.remote.codec.w3c.W3CHttpResponseCodec.createException(W3CHttpResponseCodec.java:200)
at org.openqa.selenium.remote.codec.w3c.W3CHttpResponseCodec.decode(W3CHttpResponseCodec.java:133)
at org.openqa.selenium.remote.codec.w3c.W3CHttpResponseCodec.decode(W3CHttpResponseCodec.java:52)
at org.openqa.selenium.remote.HttpCommandExecutor.execute(HttpCommandExecutor.java:191)
at org.openqa.selenium.remote.service.DriverCommandExecutor.invokeExecute(DriverCommandExecutor.java:200)
at org.openqa.selenium.remote.service.DriverCommandExecutor.execute(DriverCommandExecutor.java:175)
at org.openqa.selenium.remote.RemoteWebDriver.execute(RemoteWebDriver.java:607)
at org.openqa.selenium.remote.ElementLocation$ElementFinder$2.findElement(ElementLocation.java:165)
at org.openqa.selenium.remote.ElementLocation.findElement(ElementLocation.java:59)
at org.openqa.selenium.remote.RemoteWebDriver.findElement(RemoteWebDriver.java:364)
at org.openqa.selenium.remote.RemoteWebDriver.findElement(RemoteWebDriver.java:358)
at POM_2_CLASSES.HomePage.javaScriptClick(HomePage.java:55)
at Utilities.BaseClass.logoutFromApplication(BaseClass.java:80)
at java.base/jdk.internal.reflect.NativeMethodAccessorImpl.invoke0(Native Method)
at java.base/jdk.internal.reflect.NativeMethodAccessorImpl.invoke(NativeMethodAccessorImpl.java:77)
at java.base/jdk.internal.reflect.DelegatingMethodAccessorImpl.invoke(DelegatingMethodAccessorImpl.java:43)
at java.base/java.lang.reflect.Method.invoke(Method.java:568)
at org.testng.internal.MethodInvocationHelper.invokeMethod(MethodInvocationHelper.java:133)
at org.testng.internal.MethodInvocationHelper.invokeMethodConsideringTimeout(MethodInvocationHelper.java:62)
at org.testng.internal.ConfigInvoker.invokeConfigurationMethod(ConfigInvoker.java:385)
at org.testng.internal.ConfigInvoker.invokeConfigurations(ConfigInvoker.java:321)
at org.testng.internal.TestInvoker.runConfigMethods(TestInvoker.java:700)
at org.testng.internal.TestInvoker.runAfterGroupsConfigurations(TestInvoker.java:676)
at org.testng.internal.TestInvoker.invokeMethod(TestInvoker.java:660)
at org.testng.internal.TestInvoker.invokeTestMethod(TestInvoker.java:173)
at org.testng.internal.MethodRunner.runInSequence(MethodRunner.java:46)
at org.testng.internal.TestInvoker$MethodInvocationAgent.invoke(TestInvoker.java:824)
at org.testng.internal.TestInvoker.invokeTestMethods(TestInvoker.java:146)
at org.testng.internal.TestMethodWorker.invokeTestMethods(TestMethodWorker.java:146)
at org.testng.internal.TestMethodWorker.run(TestMethodWorker.java:128)
at java.base/java.util.ArrayList.forEach(ArrayList.java:1511)
at org.testng.TestRunner.privateRun(TestRunner.java:794)
at org.testng.TestRunner.run(TestRunner.java:596)
at org.testng.SuiteRunner.runTest(SuiteRunner.java:377)
at org.testng.SuiteRunner.runSequentially(SuiteRunner.java:371)
at org.testng.SuiteRunner.privateRun(SuiteRunner.java:332)
at org.testng.SuiteRunner.run(SuiteRunner.java:276)
at org.testng.SuiteRunnerWorker.runSuite(SuiteRunnerWorker.java:53)
at org.testng.SuiteRunnerWorker.run(SuiteRunnerWorker.java:96)
at org.testng.TestNG.runSuitesSequentially(TestNG.java:1212)
at org.testng.TestNG.runSuitesLocally(TestNG.java:1134)
at org.testng.TestNG.runSuites(TestNG.java:1063)
at org.testng.TestNG.run(TestNG.java:1031)
at org.testng.remote.AbstractRemoteTestNG.run(AbstractRemoteTestNG.java:115)
at org.testng.remote.RemoteTestNG.initAndRun(RemoteTestNG.java:251)
at org.testng.remote.RemoteTestNG.main(RemoteTestNG.java:77)
]]>
            </full-stacktrace>
          </exception> <!-- org.openqa.selenium.NoSuchElementException -->
          <reporter-output>
          </reporter-output>
        </test-method> <!-- logoutFromApplication -->
        <test-method is-config="true" signature="quitBrowser()[pri:0, instance:TestCase.AddToCartTest_2@3cebbb30]" started-at="2024-01-01T12:15:02 IST" name="quitBrowser" finished-at="1970-01-01T05:30:00 IST" duration-ms="-1704091502800" status="SKIP">
          <reporter-output>
          </reporter-output>
        </test-method> <!-- quitBrowser -->
      </class> <!-- TestCase.AddToCartTest_2 -->
    </test> <!-- Default test -->
  </suite> <!-- Default suite -->
</testng-results>
